Using pre-set license
Built from '2020.3/staging' branch; Version is '2020.3.33f1 (915a7af8b0d5) revision 9525882'; Using compiler version '192528614'; Build Type 'Release'
OS: 'Windows 11  (10.0.22000) 64bit CoreSingleLanguage' Language: 'pt' Physical Memory: 8067 MB
BatchMode: 1, IsHumanControllingUs: 0, StartBugReporterOnCrash: 0, Is64bit: 1, IsPro: 0

COMMAND LINE ARGUMENTS:
C:\Program Files\Unity\Hub\Editor\2020.3.33f1\Editor\Unity.exe
-adb2
-batchMode
-noUpm
-name
AssetImportWorker0
-projectPath
C:/Users/halli/Desktop/7Periodo/CG/tp/dengoso/Dengoso
-logFile
Logs/AssetImportWorker0.log
-srvPort
52396
Successfully changed project path to: C:/Users/halli/Desktop/7Periodo/CG/tp/dengoso/Dengoso
C:/Users/halli/Desktop/7Periodo/CG/tp/dengoso/Dengoso
Using Asset Import Pipeline V2.
Refreshing native plugins compatible for Editor in 49.48 ms, found 2 plugins.
Preloading 0 native plugins for Editor in 0.00 ms.
Initialize engine version: 2020.3.33f1 (915a7af8b0d5)
[Subsystems] Discovering subsystems at path C:/Program Files/Unity/Hub/Editor/2020.3.33f1/Editor/Data/Resources/UnitySubsystems
[Subsystems] Discovering subsystems at path C:/Users/halli/Desktop/7Periodo/CG/tp/dengoso/Dengoso/Assets
GfxDevice: creating device client; threaded=0
Direct3D:
    Version:  Direct3D 11.0 [level 11.1]
    Renderer: Intel(R) HD Graphics 620 (ID=0x5916)
    Vendor:   
    VRAM:     4033 MB
    Driver:   30.0.101.1340
Initialize mono
Mono path[0] = 'C:/Program Files/Unity/Hub/Editor/2020.3.33f1/Editor/Data/Managed'
Mono path[1] = 'C:/Program Files/Unity/Hub/Editor/2020.3.33f1/Editor/Data/MonoBleedingEdge/lib/mono/unityjit'
Mono config path = 'C:/Program Files/Unity/Hub/Editor/2020.3.33f1/Editor/Data/MonoBleedingEdge/etc'
Using monoOptions --debugger-agent=transport=dt_socket,embedding=1,server=y,suspend=n,address=127.0.0.1:56976
Begin MonoManager ReloadAssembly
Registering precompiled unity dll's ...
Register platform support module: C:/Program Files/Unity/Hub/Editor/2020.3.33f1/Editor/Data/PlaybackEngines/WebGLSupport/UnityEditor.WebGL.Extensions.dll
Register platform support module: C:/Program Files/Unity/Hub/Editor/2020.3.33f1/Editor/Data/PlaybackEngines/WindowsStandaloneSupport/UnityEditor.WindowsStandalone.Extensions.dll
Registered in 0.003539 seconds.
Native extension for WindowsStandalone target not found
Native extension for WebGL target not found
Refreshing native plugins compatible for Editor in 67.24 ms, found 2 plugins.
Preloading 0 native plugins for Editor in 0.00 ms.
Mono: successfully reloaded assembly
- Completed reload, in  0.874 seconds
Domain Reload Profiling:
	ReloadAssembly (874ms)
		BeginReloadAssembly (83ms)
			ExecutionOrderSort (0ms)
			DisableScriptedObjects (0ms)
			BackupInstance (0ms)
			ReleaseScriptingObjects (0ms)
			CreateAndSetChildDomain (1ms)
		EndReloadAssembly (682ms)
			LoadAssemblies (79ms)
			RebuildTransferFunctionScriptingTraits (0ms)
			SetupTypeCache (259ms)
			ReleaseScriptCaches (0ms)
			RebuildScriptCaches (43ms)
			SetupLoadedEditorAssemblies (222ms)
				LogAssemblyErrors (0ms)
				InitializePlatformSupportModulesInManaged (6ms)
				SetLoadedEditorAssemblies (0ms)
				RefreshPlugins (67ms)
				BeforeProcessingInitializeOnLoad (11ms)
				ProcessInitializeOnLoadAttributes (103ms)
				ProcessInitializeOnLoadMethodAttributes (34ms)
				AfterProcessingInitializeOnLoad (0ms)
				EditorAssembliesLoaded (0ms)
			ExecutionOrderSort2 (0ms)
			AwakeInstancesAfterBackupRestoration (0ms)
Platform modules already initialized, skipping
Registering precompiled user dll's ...
Registered in 0.003166 seconds.
Begin MonoManager ReloadAssembly
Symbol file LoadedFromMemory doesn't match image C:\Users\halli\Desktop\7Periodo\CG\tp\dengoso\Dengoso\Library\PackageCache\com.unity.collab-proxy@1.15.15\Lib\Editor\PlasticSCM\unityplastic.dll
Native extension for WindowsStandalone target not found
Native extension for WebGL target not found
Refreshing native plugins compatible for Editor in 0.51 ms, found 2 plugins.
Preloading 0 native plugins for Editor in 0.00 ms.
Mono: successfully reloaded assembly
- Completed reload, in  1.345 seconds
Domain Reload Profiling:
	ReloadAssembly (1346ms)
		BeginReloadAssembly (202ms)
			ExecutionOrderSort (0ms)
			DisableScriptedObjects (7ms)
			BackupInstance (0ms)
			ReleaseScriptingObjects (0ms)
			CreateAndSetChildDomain (24ms)
		EndReloadAssembly (1066ms)
			LoadAssemblies (123ms)
			RebuildTransferFunctionScriptingTraits (0ms)
			SetupTypeCache (333ms)
			ReleaseScriptCaches (0ms)
			RebuildScriptCaches (63ms)
			SetupLoadedEditorAssemblies (389ms)
				LogAssemblyErrors (0ms)
				InitializePlatformSupportModulesInManaged (7ms)
				SetLoadedEditorAssemblies (1ms)
				RefreshPlugins (1ms)
				BeforeProcessingInitializeOnLoad (63ms)
				ProcessInitializeOnLoadAttributes (294ms)
				ProcessInitializeOnLoadMethodAttributes (16ms)
				AfterProcessingInitializeOnLoad (8ms)
				EditorAssembliesLoaded (1ms)
			ExecutionOrderSort2 (0ms)
			AwakeInstancesAfterBackupRestoration (13ms)
Platform modules already initialized, skipping
========================================================================
Worker process is ready to serve import requests
Launched and connected shader compiler UnityShaderCompiler.exe after 0.05 seconds
Refreshing native plugins compatible for Editor in 0.46 ms, found 2 plugins.
Preloading 0 native plugins for Editor in 0.00 ms.
Unloading 1524 Unused Serialized files (Serialized files now loaded: 0)
System memory in use before: 84.9 MB.
System memory in use after: 85.0 MB.

Unloading 16 unused Assets to reduce memory usage. Loaded Objects now: 1979.
Total: 3.211800 ms (FindLiveObjects: 0.147600 ms CreateObjectMapping: 0.064600 ms MarkObjects: 2.909300 ms  DeleteObjects: 0.089300 ms)

AssetImportParameters requested are different than current active one (requested -> active):
  custom:framework-win-MediaFoundation: 216162199b28c13a410421893ffa2e32 -> 
  custom:video-decoder-ogg-theora: a1e56fd34408186e4bbccfd4996cb3dc -> 
  custom:container-muxer-webm: aa71ff27fc2769a1b78a27578f13a17b -> 
  custom:container-demuxer-webm: 4f35f7cbe854078d1ac9338744f61a02 -> 
  custom:container-demuxer-ogg: 62fdf1f143b41e24485cea50d1cbac27 -> 
  custom:video-encoder-webm-vp8: eb34c28f22e8b96e1ab97ce403110664 -> 
  custom:video-decoder-webm-vp8: 9c59270c3fd7afecdb556c50c9e8de78 -> 
  custom:audio-decoder-ogg-vorbis: bf7c407c2cedff20999df2af8eb42d56 -> 
  custom:audio-encoder-webm-vorbis: bf7c407c2cedff20999df2af8eb42d56 -> 
========================================================================
Received Import Request.
  path: Assets/POLYGON city pack/scene/Cenario.unity
  artifactKey: Guid(fdf5196f5b1e1b14da47f9abf084976a) Importer(815301076,1909f56bfc062723c751e8b465ee728b)
Start importing Assets/POLYGON city pack/scene/Cenario.unity using Guid(fdf5196f5b1e1b14da47f9abf084976a) Importer(815301076,1909f56bfc062723c751e8b465ee728b)  -> (artifact id: '53cdbf3543daf26f74aa0f97896a6a6e') in 0.004079 seconds 
========================================================================
Received Import Request.
  Time since last request: 321.416051 seconds.
  path: Assets/Lowpoly_Wasteland_Props/Prefabs/Barrel.prefab
  artifactKey: Guid(2a50c600c02247440ad48ca1f358d1b7) Importer(815301076,1909f56bfc062723c751e8b465ee728b)
Start importing Assets/Lowpoly_Wasteland_Props/Prefabs/Barrel.prefab using Guid(2a50c600c02247440ad48ca1f358d1b7) Importer(815301076,1909f56bfc062723c751e8b465ee728b)  -> (artifact id: 'f955dd04040031eed3c7d2629958ad2a') in 0.487534 seconds 
========================================================================
Received Import Request.
  Time since last request: 0.000266 seconds.
  path: Assets/Lowpoly_Wasteland_Props/Prefabs/Brick_2.prefab
  artifactKey: Guid(882caf5b1bbeb8341a225c39e7d0c71e) Importer(815301076,1909f56bfc062723c751e8b465ee728b)
Start importing Assets/Lowpoly_Wasteland_Props/Prefabs/Brick_2.prefab using Guid(882caf5b1bbeb8341a225c39e7d0c71e) Importer(815301076,1909f56bfc062723c751e8b465ee728b)  -> (artifact id: '4ad6de8d5138e60235bdcb2919e39edc') in 0.016706 seconds 
========================================================================
Received Import Request.
  Time since last request: 0.000575 seconds.
  path: Assets/Lowpoly_Wasteland_Props/Prefabs/Box_1.prefab
  artifactKey: Guid(139657e373e33664f9376f59fd08184e) Importer(815301076,1909f56bfc062723c751e8b465ee728b)
Start importing Assets/Lowpoly_Wasteland_Props/Prefabs/Box_1.prefab using Guid(139657e373e33664f9376f59fd08184e) Importer(815301076,1909f56bfc062723c751e8b465ee728b)  -> (artifact id: '02293be41ba3a77b46fcc842ad7d2a1e') in 0.020066 seconds 
========================================================================
Received Import Request.
  Time since last request: 0.000238 seconds.
  path: Assets/Lowpoly_Wasteland_Props/Prefabs/Sign_2.prefab
  artifactKey: Guid(3980a43ef58bbc04ea55ffd4dd4b7732) Importer(815301076,1909f56bfc062723c751e8b465ee728b)
Start importing Assets/Lowpoly_Wasteland_Props/Prefabs/Sign_2.prefab using Guid(3980a43ef58bbc04ea55ffd4dd4b7732) Importer(815301076,1909f56bfc062723c751e8b465ee728b)  -> (artifact id: '893555dfe353d511bf1cb17fe31f0d4d') in 0.391015 seconds 
========================================================================
Received Import Request.
  Time since last request: 0.000218 seconds.
  path: Assets/Lowpoly_Wasteland_Props/Prefabs/Props.prefab
  artifactKey: Guid(39a0b72655472ce4b8810605c4a5a0ae) Importer(815301076,1909f56bfc062723c751e8b465ee728b)
Start importing Assets/Lowpoly_Wasteland_Props/Prefabs/Props.prefab using Guid(39a0b72655472ce4b8810605c4a5a0ae) Importer(815301076,1909f56bfc062723c751e8b465ee728b)  -> (artifact id: 'bdb7f956a31dd116dfdff31a1c5686ae') in 0.053212 seconds 
========================================================================
Received Import Request.
  Time since last request: 0.000245 seconds.
  path: Assets/Lowpoly_Wasteland_Props/Prefabs/Brick_1.prefab
  artifactKey: Guid(49094f073b2219f4593146bd30f88648) Importer(815301076,1909f56bfc062723c751e8b465ee728b)
Start importing Assets/Lowpoly_Wasteland_Props/Prefabs/Brick_1.prefab using Guid(49094f073b2219f4593146bd30f88648) Importer(815301076,1909f56bfc062723c751e8b465ee728b)  -> (artifact id: '11ad52424548d6f59415af606d38fb36') in 0.017101 seconds 
========================================================================
Received Import Request.
  Time since last request: 0.000279 seconds.
  path: Assets/Lowpoly_Wasteland_Props/Prefabs/Sign_1.prefab
  artifactKey: Guid(72d0ca7670d2185439d886f4af805734) Importer(815301076,1909f56bfc062723c751e8b465ee728b)
Start importing Assets/Lowpoly_Wasteland_Props/Prefabs/Sign_1.prefab using Guid(72d0ca7670d2185439d886f4af805734) Importer(815301076,1909f56bfc062723c751e8b465ee728b)  -> (artifact id: '67172073db83b9619f7fae815e8bd6af') in 0.019392 seconds 
========================================================================
Received Import Request.
  Time since last request: 0.000215 seconds.
  path: Assets/Lowpoly_Wasteland_Props/Prefabs/Box_2.prefab
  artifactKey: Guid(b59bf6a163c105e4985405750426f447) Importer(815301076,1909f56bfc062723c751e8b465ee728b)
Start importing Assets/Lowpoly_Wasteland_Props/Prefabs/Box_2.prefab using Guid(b59bf6a163c105e4985405750426f447) Importer(815301076,1909f56bfc062723c751e8b465ee728b)  -> (artifact id: 'd105642bf2d1202f7519059659513c98') in 0.018499 seconds 
========================================================================
Received Import Request.
  Time since last request: 0.000259 seconds.
  path: Assets/Lowpoly_Wasteland_Props/Prefabs/Radio.prefab
  artifactKey: Guid(a10dbff9924d94340b1cbd3e5a6cafb6) Importer(815301076,1909f56bfc062723c751e8b465ee728b)
Start importing Assets/Lowpoly_Wasteland_Props/Prefabs/Radio.prefab using Guid(a10dbff9924d94340b1cbd3e5a6cafb6) Importer(815301076,1909f56bfc062723c751e8b465ee728b)  -> (artifact id: '0aba74ca1c5048327e4042ddf0ae6750') in 0.020795 seconds 
========================================================================
Received Import Request.
  Time since last request: 1.055294 seconds.
  path: Assets/Lowpoly_Wasteland_Props/Prefabs/Sign_3.prefab
  artifactKey: Guid(ae69381074f000d44a89cfbc0cb73a21) Importer(815301076,1909f56bfc062723c751e8b465ee728b)
Start importing Assets/Lowpoly_Wasteland_Props/Prefabs/Sign_3.prefab using Guid(ae69381074f000d44a89cfbc0cb73a21) Importer(815301076,1909f56bfc062723c751e8b465ee728b)  -> (artifact id: '621deb2fbb43400cda95a99d43c3bac4') in 0.011596 seconds 
========================================================================
Received Import Request.
  Time since last request: 0.000303 seconds.
  path: Assets/Lowpoly_Wasteland_Props/Prefabs/Sign_4.prefab
  artifactKey: Guid(da35aae27d1e13d40bcf57b2c21da6a4) Importer(815301076,1909f56bfc062723c751e8b465ee728b)
Start importing Assets/Lowpoly_Wasteland_Props/Prefabs/Sign_4.prefab using Guid(da35aae27d1e13d40bcf57b2c21da6a4) Importer(815301076,1909f56bfc062723c751e8b465ee728b)  -> (artifact id: '4f29d38043be6b3168bf2e7a56137078') in 0.014101 seconds 
========================================================================
Received Import Request.
  Time since last request: 2.664078 seconds.
  path: Assets/Lowpoly_Wasteland_Props/Prefabs/Tire.prefab
  artifactKey: Guid(b0eb2d4d990969844b1b54f631f158b4) Importer(815301076,1909f56bfc062723c751e8b465ee728b)
Start importing Assets/Lowpoly_Wasteland_Props/Prefabs/Tire.prefab using Guid(b0eb2d4d990969844b1b54f631f158b4) Importer(815301076,1909f56bfc062723c751e8b465ee728b)  -> (artifact id: '2a32413ac09e4adad910a8150e7009b8') in 0.014652 seconds 
========================================================================
Received Import Request.
  Time since last request: 473.425529 seconds.
  path: Assets/StylizedWoodenBarrelPack/Prefabs/barrel_open_b_standing.prefab
  artifactKey: Guid(7a4c3ddf4293b1043bcc4de5976ecea4) Importer(815301076,1909f56bfc062723c751e8b465ee728b)
Start importing Assets/StylizedWoodenBarrelPack/Prefabs/barrel_open_b_standing.prefab using Guid(7a4c3ddf4293b1043bcc4de5976ecea4) Importer(815301076,1909f56bfc062723c751e8b465ee728b)  -> (artifact id: '4559598088b2d43f0b718d8d18a3cd2d') in 0.152380 seconds 
========================================================================
Received Import Request.
  Time since last request: 0.000340 seconds.
  path: Assets/StylizedWoodenBarrelPack/Prefabs/barrel_water_standing.prefab
  artifactKey: Guid(a8adbdb8fbe0b404398d9e3a672e2e42) Importer(815301076,1909f56bfc062723c751e8b465ee728b)
Start importing Assets/StylizedWoodenBarrelPack/Prefabs/barrel_water_standing.prefab using Guid(a8adbdb8fbe0b404398d9e3a672e2e42) Importer(815301076,1909f56bfc062723c751e8b465ee728b)  -> (artifact id: '020e258d1596e01e2431c4a7bdb63d53') in 0.019173 seconds 
========================================================================
Received Import Request.
  Time since last request: 0.000221 seconds.
  path: Assets/StylizedWoodenBarrelPack/Prefabs/barrel_open_rolling.prefab
  artifactKey: Guid(87a3e2b635eac9a4a8d240fa15edc3ec) Importer(815301076,1909f56bfc062723c751e8b465ee728b)
Start importing Assets/StylizedWoodenBarrelPack/Prefabs/barrel_open_rolling.prefab using Guid(87a3e2b635eac9a4a8d240fa15edc3ec) Importer(815301076,1909f56bfc062723c751e8b465ee728b)  -> (artifact id: 'c5a489f89e38bf4e4734ae259f3434e2') in 0.024231 seconds 
========================================================================
Received Import Request.
  Time since last request: 0.000236 seconds.
  path: Assets/StylizedWoodenBarrelPack/Prefabs/barrel_standing.prefab
  artifactKey: Guid(bb630fb359001064ca586127ec844200) Importer(815301076,1909f56bfc062723c751e8b465ee728b)
Start importing Assets/StylizedWoodenBarrelPack/Prefabs/barrel_standing.prefab using Guid(bb630fb359001064ca586127ec844200) Importer(815301076,1909f56bfc062723c751e8b465ee728b)  -> (artifact id: '29a4ec18d1ca20bf07e8e822365cef79') in 0.015571 seconds 
========================================================================
Received Import Request.
  Time since last request: 0.000249 seconds.
  path: Assets/StylizedWoodenBarrelPack/Prefabs/barrel_powder_standing.prefab
  artifactKey: Guid(d7a1aaa6686c6c840b62bb498d6571cd) Importer(815301076,1909f56bfc062723c751e8b465ee728b)
Start importing Assets/StylizedWoodenBarrelPack/Prefabs/barrel_powder_standing.prefab using Guid(d7a1aaa6686c6c840b62bb498d6571cd) Importer(815301076,1909f56bfc062723c751e8b465ee728b)  -> (artifact id: 'fd26017a32074698e8a61072f7d9be39') in 0.019540 seconds 
========================================================================
Received Import Request.
  Time since last request: 0.000259 seconds.
  path: Assets/StylizedWoodenBarrelPack/Prefabs/barrel_open_standing.prefab
  artifactKey: Guid(c7cec8aeb0843ee469d943dc5d587c6d) Importer(815301076,1909f56bfc062723c751e8b465ee728b)
Start importing Assets/StylizedWoodenBarrelPack/Prefabs/barrel_open_standing.prefab using Guid(c7cec8aeb0843ee469d943dc5d587c6d) Importer(815301076,1909f56bfc062723c751e8b465ee728b)  -> (artifact id: '122cc295bc08f754d9100a1bc207002c') in 0.015929 seconds 
========================================================================
Received Import Request.
  Time since last request: 563.640004 seconds.
  path: Assets/trash_can/Materials/trash_can.mat
  artifactKey: Guid(2fdd0fc93def9734d86175a71cba228a) Importer(815301076,1909f56bfc062723c751e8b465ee728b)
Start importing Assets/trash_can/Materials/trash_can.mat using Guid(2fdd0fc93def9734d86175a71cba228a) Importer(815301076,1909f56bfc062723c751e8b465ee728b)  -> (artifact id: '6755266802191bfa2a1300c41048b4e3') in 0.256045 seconds 
========================================================================
Received Import Request.
  Time since last request: 17.033206 seconds.
  path: Assets/trash_can/trash_can.jpg
  artifactKey: Guid(0541e8611e2bde940aa228b805f215d1) Importer(815301076,1909f56bfc062723c751e8b465ee728b)
Start importing Assets/trash_can/trash_can.jpg using Guid(0541e8611e2bde940aa228b805f215d1) Importer(815301076,1909f56bfc062723c751e8b465ee728b)  -> (artifact id: 'a2d5dd59bc1c06c875673c30ef412641') in 0.017962 seconds 
========================================================================
Received Import Request.
  Time since last request: 0.000340 seconds.
  path: Assets/trash_can/trash_can_03.FBX
  artifactKey: Guid(2653975a2bdd36a4689c537e270fca23) Importer(815301076,1909f56bfc062723c751e8b465ee728b)
Start importing Assets/trash_can/trash_can_03.FBX using Guid(2653975a2bdd36a4689c537e270fca23) Importer(815301076,1909f56bfc062723c751e8b465ee728b)  -> (artifact id: 'fcd414ff5ea41f5914df95fad87a3d00') in 0.061023 seconds 
========================================================================
Received Import Request.
  Time since last request: 0.000233 seconds.
  path: Assets/trash_can/trash_can_02.FBX
  artifactKey: Guid(75df940ec6ea83049be0182d43e772c8) Importer(815301076,1909f56bfc062723c751e8b465ee728b)
Start importing Assets/trash_can/trash_can_02.FBX using Guid(75df940ec6ea83049be0182d43e772c8) Importer(815301076,1909f56bfc062723c751e8b465ee728b)  -> (artifact id: 'ed92f0042095b649592bf53bac6de709') in 0.021017 seconds 
========================================================================
Received Import Request.
  Time since last request: 0.000127 seconds.
  path: Assets/trash_can/trash_can_01.FBX
  artifactKey: Guid(7c89f7ad2ac137d4ab10b8c0be44db9c) Importer(815301076,1909f56bfc062723c751e8b465ee728b)
Start importing Assets/trash_can/trash_can_01.FBX using Guid(7c89f7ad2ac137d4ab10b8c0be44db9c) Importer(815301076,1909f56bfc062723c751e8b465ee728b)  -> (artifact id: 'ddc2c0090b40a53dedff57aa5d34bf31') in 0.027759 seconds 
========================================================================
Received Import Request.
  Time since last request: 238.817003 seconds.
  path: Assets/Tires/Textures/SmallTire_albedo.png
  artifactKey: Guid(063ef05e70566e8408610d9d9d90da85) Importer(815301076,1909f56bfc062723c751e8b465ee728b)
Start importing Assets/Tires/Textures/SmallTire_albedo.png using Guid(063ef05e70566e8408610d9d9d90da85) Importer(815301076,1909f56bfc062723c751e8b465ee728b)  -> (artifact id: 'd2799d1acffc73905bd46de36ad84551') in 0.017667 seconds 
========================================================================
Received Import Request.
  Time since last request: 0.000335 seconds.
  path: Assets/Tires/Textures/SmallTire_normalmap.png
  artifactKey: Guid(e29af51fdab8e9e4e8fb5cff038f24e8) Importer(815301076,1909f56bfc062723c751e8b465ee728b)
Start importing Assets/Tires/Textures/SmallTire_normalmap.png using Guid(e29af51fdab8e9e4e8fb5cff038f24e8) Importer(815301076,1909f56bfc062723c751e8b465ee728b)  -> (artifact id: 'da4832eb796a32d1b5435dc90557ec7f') in 0.018308 seconds 
========================================================================
Received Import Request.
  Time since last request: 0.000086 seconds.
  path: Assets/Tires/Textures/SmallTire_metallic.tga
  artifactKey: Guid(440b2ce2c8225ad43b226803aa4d812c) Importer(815301076,1909f56bfc062723c751e8b465ee728b)
Start importing Assets/Tires/Textures/SmallTire_metallic.tga using Guid(440b2ce2c8225ad43b226803aa4d812c) Importer(815301076,1909f56bfc062723c751e8b465ee728b)  -> (artifact id: 'c9beea6a8a6f18985b9a5b12bd56b434') in 0.020592 seconds 
========================================================================
Received Import Request.
  Time since last request: 456.007839 seconds.
  path: Assets/water_tank/Materials/barrel_water.mat
  artifactKey: Guid(299a9a1f92fcf0045b32f9f820475d25) Importer(815301076,1909f56bfc062723c751e8b465ee728b)
Start importing Assets/water_tank/Materials/barrel_water.mat using Guid(299a9a1f92fcf0045b32f9f820475d25) Importer(815301076,1909f56bfc062723c751e8b465ee728b)  -> (artifact id: '7e94f300119888faa6665e04888401e9') in 0.194456 seconds 
========================================================================
Received Import Request.
  Time since last request: 0.000333 seconds.
  path: Assets/water_tank/Materials/Water_2.mat
  artifactKey: Guid(acd0cc5698b69f74eaca662fce410f1d) Importer(815301076,1909f56bfc062723c751e8b465ee728b)
Start importing Assets/water_tank/Materials/Water_2.mat using Guid(acd0cc5698b69f74eaca662fce410f1d) Importer(815301076,1909f56bfc062723c751e8b465ee728b)  -> (artifact id: '1b7bae49503f0bc8d9582ab537033bd1') in 0.068317 seconds 
========================================================================
Received Import Request.
  Time since last request: 0.000234 seconds.
  path: Assets/water_tank/Materials/sky.mat
  artifactKey: Guid(9f577a5a195d56f479f3ff6725231a99) Importer(815301076,1909f56bfc062723c751e8b465ee728b)
Start importing Assets/water_tank/Materials/sky.mat using Guid(9f577a5a195d56f479f3ff6725231a99) Importer(815301076,1909f56bfc062723c751e8b465ee728b)  -> (artifact id: 'a14f76a27e8b86e06a77f620b2636f84') in 0.173624 seconds 
========================================================================
Received Import Request.
  Time since last request: 0.000228 seconds.
  path: Assets/water_tank/Materials/Water_1.mat
  artifactKey: Guid(755c702169a7f1d4daffce5074dcc4d7) Importer(815301076,1909f56bfc062723c751e8b465ee728b)
Start importing Assets/water_tank/Materials/Water_1.mat using Guid(755c702169a7f1d4daffce5074dcc4d7) Importer(815301076,1909f56bfc062723c751e8b465ee728b)  -> (artifact id: 'd5738358d54bcf88c81dc3b542c1fe5d') in 0.014216 seconds 
========================================================================
Received Import Request.
  Time since last request: 1.086702 seconds.
  path: Assets/water_tank/barrel_water.fbx
  artifactKey: Guid(4e28cc9369a74ca4797658201c922ec1) Importer(815301076,1909f56bfc062723c751e8b465ee728b)
Start importing Assets/water_tank/barrel_water.fbx using Guid(4e28cc9369a74ca4797658201c922ec1) Importer(815301076,1909f56bfc062723c751e8b465ee728b)  -> (artifact id: '448200f97b551345469739d69f85465e') in 0.017677 seconds 
========================================================================
Received Import Request.
  Time since last request: 0.000325 seconds.
  path: Assets/water_tank/sky.png
  artifactKey: Guid(431dccef0c3a43f4c9bb688c7b440728) Importer(815301076,1909f56bfc062723c751e8b465ee728b)
Start importing Assets/water_tank/sky.png using Guid(431dccef0c3a43f4c9bb688c7b440728) Importer(815301076,1909f56bfc062723c751e8b465ee728b)  -> (artifact id: 'd5dee2e333811bfa7219115007ed943d') in 0.020735 seconds 
========================================================================
Received Import Request.
  Time since last request: 0.000241 seconds.
  path: Assets/water_tank/water_2.png
  artifactKey: Guid(1cf1f2cba8495144b9bbfada71d9e8b5) Importer(815301076,1909f56bfc062723c751e8b465ee728b)
Start importing Assets/water_tank/water_2.png using Guid(1cf1f2cba8495144b9bbfada71d9e8b5) Importer(815301076,1909f56bfc062723c751e8b465ee728b)  -> (artifact id: '209da2eba3e5a75549cd93edb6167558') in 0.008158 seconds 
========================================================================
Received Import Request.
  Time since last request: 0.000289 seconds.
  path: Assets/water_tank/barrel_water.png
  artifactKey: Guid(6c70ff52a08eb74498f645e3865d5212) Importer(815301076,1909f56bfc062723c751e8b465ee728b)
Start importing Assets/water_tank/barrel_water.png using Guid(6c70ff52a08eb74498f645e3865d5212) Importer(815301076,1909f56bfc062723c751e8b465ee728b)  -> (artifact id: '3061db0b4b283d3852c8b83b39d3722b') in 0.010288 seconds 
========================================================================
Received Import Request.
  Time since last request: 0.000281 seconds.
  path: Assets/water_tank/barrel_water.prefab
  artifactKey: Guid(3ca37b12a14be5249a2baeea950df0e4) Importer(815301076,1909f56bfc062723c751e8b465ee728b)
Start importing Assets/water_tank/barrel_water.prefab using Guid(3ca37b12a14be5249a2baeea950df0e4) Importer(815301076,1909f56bfc062723c751e8b465ee728b)  -> (artifact id: '505c28a9d349085061bdbb05a85297c4') in 0.098636 seconds 
========================================================================
Received Import Request.
  Time since last request: 0.000269 seconds.
  path: Assets/water_tank/water_1.png
  artifactKey: Guid(db867686e13453a48b686764b96f8fef) Importer(815301076,1909f56bfc062723c751e8b465ee728b)
Start importing Assets/water_tank/water_1.png using Guid(db867686e13453a48b686764b96f8fef) Importer(815301076,1909f56bfc062723c751e8b465ee728b)  -> (artifact id: '05b0d35c39d16fa84fab852efc50ba36') in 0.009158 seconds 
========================================================================
Received Import Request.
  Time since last request: 270.382600 seconds.
  path: Assets/Lowpoly_Wasteland_Props/Prefabs
  artifactKey: Guid(a805529b79196314c9409b190a2c2cb7) Importer(815301076,1909f56bfc062723c751e8b465ee728b)
Start importing Assets/Lowpoly_Wasteland_Props/Prefabs using Guid(a805529b79196314c9409b190a2c2cb7) Importer(815301076,1909f56bfc062723c751e8b465ee728b)  -> (artifact id: '35b677597e455478e8c97caefc868699') in 0.002417 seconds 
========================================================================
Received Import Request.
  Time since last request: 191.480819 seconds.
  path: Assets/StylizedWoodenBarrelPack/Prefabs
  artifactKey: Guid(6ddfa05f991a6e64cb384bba80109e02) Importer(815301076,1909f56bfc062723c751e8b465ee728b)
Start importing Assets/StylizedWoodenBarrelPack/Prefabs using Guid(6ddfa05f991a6e64cb384bba80109e02) Importer(815301076,1909f56bfc062723c751e8b465ee728b)  -> (artifact id: '3c60f404aea11e5aa72882588ea700b7') in 0.002511 seconds 
========================================================================
Received Import Request.
  Time since last request: 0.065391 seconds.
  path: Assets/StylizedWoodenBarrelPack/Prefabs/barrel_gold_standing.prefab
  artifactKey: Guid(86c9f8da68417184cb5c8af59bbe8c40) Importer(815301076,1909f56bfc062723c751e8b465ee728b)
Start importing Assets/StylizedWoodenBarrelPack/Prefabs/barrel_gold_standing.prefab using Guid(86c9f8da68417184cb5c8af59bbe8c40) Importer(815301076,1909f56bfc062723c751e8b465ee728b)  -> (artifact id: '105185c742f0640405988c12a4fb1b7a') in 0.020201 seconds 
========================================================================
Received Import Request.
  Time since last request: 0.000398 seconds.
  path: Assets/StylizedWoodenBarrelPack/Prefabs/barrel_open_b_rolling.prefab
  artifactKey: Guid(bff3b4297b3f59f439b021bd1321511c) Importer(815301076,1909f56bfc062723c751e8b465ee728b)
Start importing Assets/StylizedWoodenBarrelPack/Prefabs/barrel_open_b_rolling.prefab using Guid(bff3b4297b3f59f439b021bd1321511c) Importer(815301076,1909f56bfc062723c751e8b465ee728b)  -> (artifact id: '635b563d986b977d2626d13c1d3b98eb') in 0.015867 seconds 
========================================================================
Received Import Request.
  Time since last request: 142.395910 seconds.
  path: Assets/PlantsPackage/Prefabs
  artifactKey: Guid(579037f6c45713747bdcbd3d85684634) Importer(815301076,1909f56bfc062723c751e8b465ee728b)
Start importing Assets/PlantsPackage/Prefabs using Guid(579037f6c45713747bdcbd3d85684634) Importer(815301076,1909f56bfc062723c751e8b465ee728b)  -> (artifact id: '1d35f382b332d0fd13de9f3735abcb5a') in 0.002684 seconds 
========================================================================
Received Import Request.
  Time since last request: 0.079892 seconds.
  path: Assets/PlantsPackage/Prefabs/plant1 Variant.prefab
  artifactKey: Guid(5efbdff695d22544890988ce1a13dd25) Importer(815301076,1909f56bfc062723c751e8b465ee728b)
Start importing Assets/PlantsPackage/Prefabs/plant1 Variant.prefab using Guid(5efbdff695d22544890988ce1a13dd25) Importer(815301076,1909f56bfc062723c751e8b465ee728b)  -> (artifact id: 'a373724eb36b01e9abc61bb7c997331c') in 0.322490 seconds 
========================================================================
Received Import Request.
  Time since last request: 0.000232 seconds.
  path: Assets/PlantsPackage/Prefabs/plant5 Variant.prefab
  artifactKey: Guid(aaea4f4bdb1fcce478ff2a13af904c2b) Importer(815301076,1909f56bfc062723c751e8b465ee728b)
Start importing Assets/PlantsPackage/Prefabs/plant5 Variant.prefab using Guid(aaea4f4bdb1fcce478ff2a13af904c2b) Importer(815301076,1909f56bfc062723c751e8b465ee728b)  -> (artifact id: '2d1c72491f5205318b81893c57e0b14a') in 0.020523 seconds 
========================================================================
Received Import Request.
  Time since last request: 0.000237 seconds.
  path: Assets/PlantsPackage/Prefabs/plant3 Variant.prefab
  artifactKey: Guid(0cd6613eb8793674aa4e0ce35ad5c6e7) Importer(815301076,1909f56bfc062723c751e8b465ee728b)
Start importing Assets/PlantsPackage/Prefabs/plant3 Variant.prefab using Guid(0cd6613eb8793674aa4e0ce35ad5c6e7) Importer(815301076,1909f56bfc062723c751e8b465ee728b)  -> (artifact id: 'd24c117505ce215339806b39101bf5a2') in 0.017240 seconds 
========================================================================
Received Import Request.
  Time since last request: 0.000252 seconds.
  path: Assets/PlantsPackage/Prefabs/plant4 Variant.prefab
  artifactKey: Guid(83159a856da2fe641bdbe4edf84b1761) Importer(815301076,1909f56bfc062723c751e8b465ee728b)
Start importing Assets/PlantsPackage/Prefabs/plant4 Variant.prefab using Guid(83159a856da2fe641bdbe4edf84b1761) Importer(815301076,1909f56bfc062723c751e8b465ee728b)  -> (artifact id: '01af9c59dc7c27f194e8fb7b82ab7bec') in 0.018758 seconds 
========================================================================
Received Import Request.
  Time since last request: 0.000216 seconds.
  path: Assets/PlantsPackage/Prefabs/plant2 Variant.prefab
  artifactKey: Guid(249cf98a34b9eed48b98adc07185d9cd) Importer(815301076,1909f56bfc062723c751e8b465ee728b)
Start importing Assets/PlantsPackage/Prefabs/plant2 Variant.prefab using Guid(249cf98a34b9eed48b98adc07185d9cd) Importer(815301076,1909f56bfc062723c751e8b465ee728b)  -> (artifact id: '531213b39797b65645be31d9c7a63887') in 0.020617 seconds 
========================================================================
Received Import Request.
  Time since last request: 719.730806 seconds.
  path: Assets/StylizedWoodenBarrelPack/Mesh/barrel_open_b_rolling.fbx
  artifactKey: Guid(4bd47af64c69cc44fbf1345c55f8e62c) Importer(815301076,1909f56bfc062723c751e8b465ee728b)
Start importing Assets/StylizedWoodenBarrelPack/Mesh/barrel_open_b_rolling.fbx using Guid(4bd47af64c69cc44fbf1345c55f8e62c) Importer(815301076,1909f56bfc062723c751e8b465ee728b)  -> (artifact id: '26c1f2e36b049dcb582fa31f69e11b34') in 0.016795 seconds 
========================================================================
Received Import Request.
  Time since last request: 0.000336 seconds.
  path: Assets/StylizedWoodenBarrelPack/Mesh/barrel_open_powder_standing.fbx
  artifactKey: Guid(8cee49ed56bd74f4387339e128eeaef9) Importer(815301076,1909f56bfc062723c751e8b465ee728b)
Start importing Assets/StylizedWoodenBarrelPack/Mesh/barrel_open_powder_standing.fbx using Guid(8cee49ed56bd74f4387339e128eeaef9) Importer(815301076,1909f56bfc062723c751e8b465ee728b)  -> (artifact id: '243e67f0d3821ec4d23759e3b57fff56') in 0.019487 seconds 
========================================================================
Received Import Request.
  Time since last request: 0.000247 seconds.
  path: Assets/StylizedWoodenBarrelPack/Mesh/barrel_open_gold_standing.fbx
  artifactKey: Guid(5189f1e26dd562840b1f9bcb161c77e1) Importer(815301076,1909f56bfc062723c751e8b465ee728b)
Start importing Assets/StylizedWoodenBarrelPack/Mesh/barrel_open_gold_standing.fbx using Guid(5189f1e26dd562840b1f9bcb161c77e1) Importer(815301076,1909f56bfc062723c751e8b465ee728b)  -> (artifact id: 'af28810e3ab9358b0770abc341223e86') in 0.021158 seconds 
========================================================================
Received Import Request.
  Time since last request: 0.000294 seconds.
  path: Assets/StylizedWoodenBarrelPack/Mesh/barrel_open_standing.fbx
  artifactKey: Guid(5e0bded5c800f594fb0f934a1f071658) Importer(815301076,1909f56bfc062723c751e8b465ee728b)
Start importing Assets/StylizedWoodenBarrelPack/Mesh/barrel_open_standing.fbx using Guid(5e0bded5c800f594fb0f934a1f071658) Importer(815301076,1909f56bfc062723c751e8b465ee728b)  -> (artifact id: 'c253395d7d3b3184fd19633f2a2db843') in 0.029587 seconds 
========================================================================
Received Import Request.
  Time since last request: 0.000252 seconds.
  path: Assets/StylizedWoodenBarrelPack/Mesh/barrel_open_water_standing.fbx
  artifactKey: Guid(89852af4089794c4eac64300d5068b9c) Importer(815301076,1909f56bfc062723c751e8b465ee728b)
Start importing Assets/StylizedWoodenBarrelPack/Mesh/barrel_open_water_standing.fbx using Guid(89852af4089794c4eac64300d5068b9c) Importer(815301076,1909f56bfc062723c751e8b465ee728b)  -> (artifact id: '4458afd730dfbb5098f41b86c8260e4b') in 0.019947 seconds 
========================================================================
Received Import Request.
  Time since last request: 0.000203 seconds.
  path: Assets/StylizedWoodenBarrelPack/Mesh/barrel_standing.fbx
  artifactKey: Guid(06d9366f487453c4dae7c49cf614a85c) Importer(815301076,1909f56bfc062723c751e8b465ee728b)
Start importing Assets/StylizedWoodenBarrelPack/Mesh/barrel_standing.fbx using Guid(06d9366f487453c4dae7c49cf614a85c) Importer(815301076,1909f56bfc062723c751e8b465ee728b)  -> (artifact id: '3d81308dda27dea93d24a3ecd68d29c9') in 0.022063 seconds 
========================================================================
Received Import Request.
  Time since last request: 0.000258 seconds.
  path: Assets/StylizedWoodenBarrelPack/Mesh/barrel_open_b_standing.fbx
  artifactKey: Guid(938b3804b33b5c64781d7d845c2b2314) Importer(815301076,1909f56bfc062723c751e8b465ee728b)
Start importing Assets/StylizedWoodenBarrelPack/Mesh/barrel_open_b_standing.fbx using Guid(938b3804b33b5c64781d7d845c2b2314) Importer(815301076,1909f56bfc062723c751e8b465ee728b)  -> (artifact id: '2dcc97ccb71b3d8e6772d15585e23a0c') in 0.021112 seconds 
========================================================================
Received Import Request.
  Time since last request: 0.000218 seconds.
  path: Assets/StylizedWoodenBarrelPack/Mesh/barrel_open_rolling.fbx
  artifactKey: Guid(de38e96e3e82d344d9b38741b6ec17b0) Importer(815301076,1909f56bfc062723c751e8b465ee728b)
Start importing Assets/StylizedWoodenBarrelPack/Mesh/barrel_open_rolling.fbx using Guid(de38e96e3e82d344d9b38741b6ec17b0) Importer(815301076,1909f56bfc062723c751e8b465ee728b)  -> (artifact id: 'b9d4413b068d5cb9358e63757f86dcc5') in 0.024072 seconds 
========================================================================
Received Prepare
Registering precompiled user dll's ...
Registered in 0.004941 seconds.
Begin MonoManager ReloadAssembly
Symbol file LoadedFromMemory doesn't match image C:\Users\halli\Desktop\7Periodo\CG\tp\dengoso\Dengoso\Library\PackageCache\com.unity.collab-proxy@1.15.15\Lib\Editor\PlasticSCM\unityplastic.dll
Native extension for WindowsStandalone target not found
Native extension for WebGL target not found
Refreshing native plugins compatible for Editor in 2.01 ms, found 2 plugins.
Preloading 0 native plugins for Editor in 0.00 ms.
Mono: successfully reloaded assembly
- Completed reload, in  1.648 seconds
Domain Reload Profiling:
	ReloadAssembly (1650ms)
		BeginReloadAssembly (401ms)
			ExecutionOrderSort (0ms)
			DisableScriptedObjects (17ms)
			BackupInstance (0ms)
			ReleaseScriptingObjects (0ms)
			CreateAndSetChildDomain (206ms)
		EndReloadAssembly (1137ms)
			LoadAssemblies (180ms)
			RebuildTransferFunctionScriptingTraits (0ms)
			SetupTypeCache (471ms)
			ReleaseScriptCaches (1ms)
			RebuildScriptCaches (58ms)
			SetupLoadedEditorAssemblies (291ms)
				LogAssemblyErrors (0ms)
				InitializePlatformSupportModulesInManaged (10ms)
				SetLoadedEditorAssemblies (4ms)
				RefreshPlugins (2ms)
				BeforeProcessingInitializeOnLoad (75ms)
				ProcessInitializeOnLoadAttributes (186ms)
				ProcessInitializeOnLoadMethodAttributes (7ms)
				AfterProcessingInitializeOnLoad (7ms)
				EditorAssembliesLoaded (0ms)
			ExecutionOrderSort2 (0ms)
			AwakeInstancesAfterBackupRestoration (13ms)
Platform modules already initialized, skipping
Shader 'HDRP/TerrainLit': dependency 'BaseMapGenShader' shader 'Hidden/HDRP/TerrainLit_BasemapGen' not found
Refreshing native plugins compatible for Editor in 1.63 ms, found 2 plugins.
Preloading 0 native plugins for Editor in 0.00 ms.
Unloading 3998 Unused Serialized files (Serialized files now loaded: 0)
System memory in use before: 181.3 MB.
System memory in use after: 173.5 MB.

Unloading 104 unused Assets to reduce memory usage. Loaded Objects now: 4434.
Total: 16.916400 ms (FindLiveObjects: 0.679500 ms CreateObjectMapping: 0.525500 ms MarkObjects: 5.857100 ms  DeleteObjects: 9.852100 ms)

AssetImportParameters requested are different than current active one (requested -> active):
  custom:framework-win-MediaFoundation: 216162199b28c13a410421893ffa2e32 -> 
  custom:video-decoder-ogg-theora: a1e56fd34408186e4bbccfd4996cb3dc -> 
  custom:container-muxer-webm: aa71ff27fc2769a1b78a27578f13a17b -> 
  custom:container-demuxer-webm: 4f35f7cbe854078d1ac9338744f61a02 -> 
  custom:container-demuxer-ogg: 62fdf1f143b41e24485cea50d1cbac27 -> 
  custom:video-encoder-webm-vp8: eb34c28f22e8b96e1ab97ce403110664 -> 
  custom:video-decoder-webm-vp8: 9c59270c3fd7afecdb556c50c9e8de78 -> 
  custom:audio-decoder-ogg-vorbis: bf7c407c2cedff20999df2af8eb42d56 -> 
  custom:audio-encoder-webm-vorbis: bf7c407c2cedff20999df2af8eb42d56 -> 
========================================================================
Received Import Request.
  Time since last request: 539.176314 seconds.
  path: Assets/StylizedWoodenBarrelPack/Mesh/barrel_open_b_rolling.fbx
  artifactKey: Guid(4bd47af64c69cc44fbf1345c55f8e62c) Importer(815301076,1909f56bfc062723c751e8b465ee728b)
Start importing Assets/StylizedWoodenBarrelPack/Mesh/barrel_open_b_rolling.fbx using Guid(4bd47af64c69cc44fbf1345c55f8e62c) Importer(815301076,1909f56bfc062723c751e8b465ee728b)  -> (artifact id: '26c1f2e36b049dcb582fa31f69e11b34') in 0.112938 seconds 
========================================================================
Received Import Request.
  Time since last request: 0.000287 seconds.
  path: Assets/StylizedWoodenBarrelPack/Mesh/barrel_open_powder_standing.fbx
  artifactKey: Guid(8cee49ed56bd74f4387339e128eeaef9) Importer(815301076,1909f56bfc062723c751e8b465ee728b)
Start importing Assets/StylizedWoodenBarrelPack/Mesh/barrel_open_powder_standing.fbx using Guid(8cee49ed56bd74f4387339e128eeaef9) Importer(815301076,1909f56bfc062723c751e8b465ee728b)  -> (artifact id: '243e67f0d3821ec4d23759e3b57fff56') in 0.023241 seconds 
========================================================================
Received Import Request.
  Time since last request: 0.000103 seconds.
  path: Assets/StylizedWoodenBarrelPack/Mesh/barrel_open_gold_standing.fbx
  artifactKey: Guid(5189f1e26dd562840b1f9bcb161c77e1) Importer(815301076,1909f56bfc062723c751e8b465ee728b)
Start importing Assets/StylizedWoodenBarrelPack/Mesh/barrel_open_gold_standing.fbx using Guid(5189f1e26dd562840b1f9bcb161c77e1) Importer(815301076,1909f56bfc062723c751e8b465ee728b)  -> (artifact id: 'af28810e3ab9358b0770abc341223e86') in 0.022553 seconds 
========================================================================
Received Import Request.
  Time since last request: 0.000302 seconds.
  path: Assets/StylizedWoodenBarrelPack/Mesh/barrel_open_standing.fbx
  artifactKey: Guid(5e0bded5c800f594fb0f934a1f071658) Importer(815301076,1909f56bfc062723c751e8b465ee728b)
Start importing Assets/StylizedWoodenBarrelPack/Mesh/barrel_open_standing.fbx using Guid(5e0bded5c800f594fb0f934a1f071658) Importer(815301076,1909f56bfc062723c751e8b465ee728b)  -> (artifact id: 'c253395d7d3b3184fd19633f2a2db843') in 0.022650 seconds 
========================================================================
Received Import Request.
  Time since last request: 0.000240 seconds.
  path: Assets/StylizedWoodenBarrelPack/Mesh/barrel_open_water_standing.fbx
  artifactKey: Guid(89852af4089794c4eac64300d5068b9c) Importer(815301076,1909f56bfc062723c751e8b465ee728b)
Start importing Assets/StylizedWoodenBarrelPack/Mesh/barrel_open_water_standing.fbx using Guid(89852af4089794c4eac64300d5068b9c) Importer(815301076,1909f56bfc062723c751e8b465ee728b)  -> (artifact id: '4458afd730dfbb5098f41b86c8260e4b') in 0.018924 seconds 
========================================================================
Received Import Request.
  Time since last request: 0.000240 seconds.
  path: Assets/StylizedWoodenBarrelPack/Mesh/barrel_standing.fbx
  artifactKey: Guid(06d9366f487453c4dae7c49cf614a85c) Importer(815301076,1909f56bfc062723c751e8b465ee728b)
Start importing Assets/StylizedWoodenBarrelPack/Mesh/barrel_standing.fbx using Guid(06d9366f487453c4dae7c49cf614a85c) Importer(815301076,1909f56bfc062723c751e8b465ee728b)  -> (artifact id: '3d81308dda27dea93d24a3ecd68d29c9') in 0.018913 seconds 
========================================================================
Received Import Request.
  Time since last request: 0.000232 seconds.
  path: Assets/StylizedWoodenBarrelPack/Mesh/barrel_open_b_standing.fbx
  artifactKey: Guid(938b3804b33b5c64781d7d845c2b2314) Importer(815301076,1909f56bfc062723c751e8b465ee728b)
Start importing Assets/StylizedWoodenBarrelPack/Mesh/barrel_open_b_standing.fbx using Guid(938b3804b33b5c64781d7d845c2b2314) Importer(815301076,1909f56bfc062723c751e8b465ee728b)  -> (artifact id: '2dcc97ccb71b3d8e6772d15585e23a0c') in 0.020207 seconds 
========================================================================
Received Import Request.
  Time since last request: 0.000263 seconds.
  path: Assets/StylizedWoodenBarrelPack/Mesh/barrel_open_rolling.fbx
  artifactKey: Guid(de38e96e3e82d344d9b38741b6ec17b0) Importer(815301076,1909f56bfc062723c751e8b465ee728b)
Start importing Assets/StylizedWoodenBarrelPack/Mesh/barrel_open_rolling.fbx using Guid(de38e96e3e82d344d9b38741b6ec17b0) Importer(815301076,1909f56bfc062723c751e8b465ee728b)  -> (artifact id: 'b9d4413b068d5cb9358e63757f86dcc5') in 0.018881 seconds 
========================================================================
Received Import Request.
  Time since last request: 66.825107 seconds.
  path: Assets/StylizedWoodenBarrelPack/Mesh/barrel_open_b_rolling.fbx
  artifactKey: Guid(4bd47af64c69cc44fbf1345c55f8e62c) Importer(815301076,1909f56bfc062723c751e8b465ee728b)
Start importing Assets/StylizedWoodenBarrelPack/Mesh/barrel_open_b_rolling.fbx using Guid(4bd47af64c69cc44fbf1345c55f8e62c) Importer(815301076,1909f56bfc062723c751e8b465ee728b)  -> (artifact id: '26c1f2e36b049dcb582fa31f69e11b34') in 0.027880 seconds 
========================================================================
Received Import Request.
  Time since last request: 0.000291 seconds.
  path: Assets/StylizedWoodenBarrelPack/Mesh/barrel_open_powder_standing.fbx
  artifactKey: Guid(8cee49ed56bd74f4387339e128eeaef9) Importer(815301076,1909f56bfc062723c751e8b465ee728b)
Start importing Assets/StylizedWoodenBarrelPack/Mesh/barrel_open_powder_standing.fbx using Guid(8cee49ed56bd74f4387339e128eeaef9) Importer(815301076,1909f56bfc062723c751e8b465ee728b)  -> (artifact id: '243e67f0d3821ec4d23759e3b57fff56') in 0.029656 seconds 
========================================================================
Received Import Request.
  Time since last request: 0.000246 seconds.
  path: Assets/StylizedWoodenBarrelPack/Mesh/barrel_open_gold_standing.fbx
  artifactKey: Guid(5189f1e26dd562840b1f9bcb161c77e1) Importer(815301076,1909f56bfc062723c751e8b465ee728b)
Start importing Assets/StylizedWoodenBarrelPack/Mesh/barrel_open_gold_standing.fbx using Guid(5189f1e26dd562840b1f9bcb161c77e1) Importer(815301076,1909f56bfc062723c751e8b465ee728b)  -> (artifact id: 'af28810e3ab9358b0770abc341223e86') in 0.021423 seconds 
========================================================================
Received Import Request.
  Time since last request: 0.000271 seconds.
  path: Assets/StylizedWoodenBarrelPack/Mesh/barrel_open_standing.fbx
  artifactKey: Guid(5e0bded5c800f594fb0f934a1f071658) Importer(815301076,1909f56bfc062723c751e8b465ee728b)
Start importing Assets/StylizedWoodenBarrelPack/Mesh/barrel_open_standing.fbx using Guid(5e0bded5c800f594fb0f934a1f071658) Importer(815301076,1909f56bfc062723c751e8b465ee728b)  -> (artifact id: 'c253395d7d3b3184fd19633f2a2db843') in 0.015901 seconds 
========================================================================
Received Import Request.
  Time since last request: 0.000236 seconds.
  path: Assets/StylizedWoodenBarrelPack/Mesh/barrel_open_water_standing.fbx
  artifactKey: Guid(89852af4089794c4eac64300d5068b9c) Importer(815301076,1909f56bfc062723c751e8b465ee728b)
Start importing Assets/StylizedWoodenBarrelPack/Mesh/barrel_open_water_standing.fbx using Guid(89852af4089794c4eac64300d5068b9c) Importer(815301076,1909f56bfc062723c751e8b465ee728b)  -> (artifact id: '4458afd730dfbb5098f41b86c8260e4b') in 0.016119 seconds 
========================================================================
Received Import Request.
  Time since last request: 0.000207 seconds.
  path: Assets/StylizedWoodenBarrelPack/Mesh/barrel_standing.fbx
  artifactKey: Guid(06d9366f487453c4dae7c49cf614a85c) Importer(815301076,1909f56bfc062723c751e8b465ee728b)
Start importing Assets/StylizedWoodenBarrelPack/Mesh/barrel_standing.fbx using Guid(06d9366f487453c4dae7c49cf614a85c) Importer(815301076,1909f56bfc062723c751e8b465ee728b)  -> (artifact id: '3d81308dda27dea93d24a3ecd68d29c9') in 0.019687 seconds 
========================================================================
Received Import Request.
  Time since last request: 0.000280 seconds.
  path: Assets/StylizedWoodenBarrelPack/Mesh/barrel_open_b_standing.fbx
  artifactKey: Guid(938b3804b33b5c64781d7d845c2b2314) Importer(815301076,1909f56bfc062723c751e8b465ee728b)
Start importing Assets/StylizedWoodenBarrelPack/Mesh/barrel_open_b_standing.fbx using Guid(938b3804b33b5c64781d7d845c2b2314) Importer(815301076,1909f56bfc062723c751e8b465ee728b)  -> (artifact id: '2dcc97ccb71b3d8e6772d15585e23a0c') in 0.016547 seconds 
========================================================================
Received Import Request.
  Time since last request: 0.000281 seconds.
  path: Assets/StylizedWoodenBarrelPack/Mesh/barrel_open_rolling.fbx
  artifactKey: Guid(de38e96e3e82d344d9b38741b6ec17b0) Importer(815301076,1909f56bfc062723c751e8b465ee728b)
Start importing Assets/StylizedWoodenBarrelPack/Mesh/barrel_open_rolling.fbx using Guid(de38e96e3e82d344d9b38741b6ec17b0) Importer(815301076,1909f56bfc062723c751e8b465ee728b)  -> (artifact id: 'b9d4413b068d5cb9358e63757f86dcc5') in 0.015548 seconds 
AssetImportWorkerClient::OnTransportError - code=2 error=End of file
